0.847433
0.869800
0.873933
0.875850
0.878517
0.879567
0.881017
0.881217
0.882083
0.884383
0.883650
0.883800
0.884033
0.884567
0.884950
0.886600
0.885700
0.886117
0.886700
0.886117
0.887167
0.888217
0.887850
0.887600
0.887683
0.888650
0.888883
0.888383
0.889683
0.887650
0.887517
0.888050
0.888183
0.888700
0.888150
0.890233
0.888500
0.886900
0.889033
0.888633
0.889500
0.888417
0.890083
0.890150
0.888100
0.892400
0.892150
0.891667
0.896833
0.906667
0.916467
0.921883
0.922733
0.923617
0.924700
0.925083
0.926000
0.925100
0.925783
0.925467
0.925833
0.925750
0.925850
0.926167
0.925533
0.925817
0.926133
0.925767
0.925400
0.925083
0.925733
0.925933
0.925617
0.925417
0.925550
0.925900
0.925850
0.927017
0.925400
0.925683
0.925533
0.926000
0.925783
0.926433
0.925467
0.925533
0.925867
0.925767
0.926917
0.925767
0.925217
0.925750
0.925850
0.926200
0.925600
0.925317
0.926000
0.925950
0.925400
0.925817
