0.845567
0.871017
0.875283
0.879200
0.879750
0.880217
0.881517
0.882550
0.882867
0.884233
0.883567
0.884217
0.883867
0.885150
0.884733
0.885567
0.883983
0.886167
0.886183
0.887333
0.888267
0.885517
0.887500
0.888200
0.887767
0.887167
0.886683
0.888367
0.889000
0.888650
0.888733
0.890283
0.888033
0.888333
0.889517
0.888700
0.886917
0.887633
0.890317
0.888733
0.889050
0.889533
0.889417
0.890150
0.889000
0.889433
0.889450
0.891150
0.892317
0.890917
0.891250
0.889950
0.889867
0.890700
0.889600
0.889650
0.892067
0.888667
0.891133
0.891117
0.890767
0.891500
0.889717
0.891050
0.890433
0.890250
0.892083
0.891433
0.890967
0.890183
0.890850
0.891717
0.891650
0.890883
0.890233
0.891583
0.890300
0.890467
0.891567
0.891467
0.892800
0.890567
0.892700
0.892217
0.891983
0.890867
0.891433
0.891950
0.890350
0.892000
0.891600
0.891350
0.892533
0.891017
0.891917
0.891667
0.892767
0.891617
0.892100
0.893100
