0.846983
0.889233
0.896333
0.898683
0.900767
0.901750
0.903550
0.903367
0.904483
0.905900
0.906433
0.906817
0.905900
0.906733
0.908550
0.908533
0.908367
0.909733
0.907817
0.908250
0.908250
0.909367
0.908433
0.908367
0.909767
0.910017
0.909783
0.910450
0.909183
0.910517
0.908483
0.909883
0.911550
0.909583
0.909100
0.909367
0.909983
0.909533
0.910833
0.910133
0.911267
0.910533
0.910800
0.909933
0.910467
0.911000
0.911383
0.910050
0.911900
0.911700
0.911717
0.912333
0.911100
0.911050
0.910283
0.913117
0.910867
0.911950
0.912000
0.911550
0.911100
0.912267
0.912567
0.911917
0.912500
0.911700
0.912067
0.911700
0.911533
0.912700
0.911800
0.912000
0.912767
0.912033
0.911700
0.912350
0.912950
0.911483
0.911950
0.912800
0.911367
0.912900
0.912617
0.912783
0.912383
0.910817
0.911783
0.911900
0.913667
0.912083
0.913483
0.912700
0.912633
0.912050
0.912783
0.912317
0.913367
0.912300
0.912400
0.912717
