0.846300
0.871983
0.874500
0.878433
0.880167
0.880483
0.881583
0.881733
0.883183
0.884917
0.884483
0.886083
0.887567
0.885617
0.886700
0.886917
0.887767
0.887817
0.887717
0.887333
0.888517
0.889183
0.888800
0.889617
0.889517
0.888950
0.889983
0.890950
0.890867
0.889783
0.890517
0.890567
0.891867
0.890833
0.891967
0.890833
0.892150
0.892283
0.893317
0.892300
0.893367
0.893783
0.893083
0.894067
0.893783
0.894233
0.894900
0.894900
0.894183
0.894983
0.894100
0.894400
0.894667
0.896867
0.896133
0.895583
0.896517
0.897250
0.894500
0.897917
0.897833
0.898883
0.897567
0.898617
0.897367
0.898383
0.899067
0.899067
0.898833
0.898650
0.901000
0.901633
0.901500
0.902067
0.902333
0.901400
0.903883
0.902900
0.903033
0.903067
0.905633
0.904967
0.906833
0.906700
0.907650
0.906500
0.909433
0.909883
0.909717
0.912583
0.911800
0.913450
0.914983
0.915017
0.917733
0.918900
0.920717
0.922183
0.924217
0.926367
