0.846067
0.869250
0.875300
0.875067
0.877333
0.880367
0.881783
0.881517
0.881650
0.882933
0.882983
0.884017
0.884667
0.885700
0.884683
0.885867
0.884950
0.886700
0.886367
0.886550
0.887367
0.888900
0.887100
0.887683
0.887567
0.887283
0.887483
0.888567
0.888467
0.888800
0.887250
0.887417
0.889317
0.889517
0.888933
0.889517
0.887950
0.889633
0.888950
0.888950
0.889867
0.888617
0.888700
0.889783
0.889783
0.890050
0.890633
0.894333
0.897817
0.906667
0.915417
0.923467
0.927717
0.929567
0.930933
0.930417
0.931317
0.931383
0.931133
0.931150
0.931167
0.931150
0.931183
0.931183
0.931183
0.931183
0.931183
0.931183
0.931183
0.931183
0.931183
0.931183
0.931183
0.931183
0.931183
0.931183
0.931183
0.931183
0.931183
0.931183
0.931183
0.931183
0.931183
0.931183
0.931183
0.931183
0.931183
0.931183
0.931183
0.931183
0.931183
0.931183
0.931183
0.931183
0.931183
0.931183
0.931183
0.931183
0.931183
0.931183
