0.846767
0.869817
0.873400
0.877283
0.878833
0.879500
0.882150
0.882050
0.883583
0.883817
0.883450
0.883133
0.886167
0.884017
0.885767
0.886550
0.885683
0.885700
0.886050
0.885900
0.885867
0.885900
0.887317
0.886750
0.888167
0.887200
0.888150
0.887633
0.888983
0.887767
0.888367
0.888517
0.888933
0.889217
0.889583
0.888967
0.890833
0.889433
0.888733
0.889783
0.888500
0.888550
0.890117
0.890450
0.889350
0.891050
0.890917
0.889383
0.890633
0.888617
0.890833
0.889383
0.890267
0.890483
0.890433
0.889383
0.891050
0.890417
0.890483
0.892433
0.891967
0.890433
0.890933
0.892567
0.890667
0.892033
0.891167
0.891150
0.891000
0.890217
0.891567
0.891350
0.891933
0.890300
0.890550
0.892133
0.890617
0.891933
0.891350
0.891050
0.892167
0.891867
0.891383
0.892717
0.890083
0.891117
0.891033
0.893033
0.891850
0.891933
0.892150
0.893100
0.891083
0.892733
0.893217
0.892133
0.892100
0.892533
0.893750
0.891167
